[debug] [2024-03-08T04:53:01.464Z] ----------------------------------------------------------------------
[debug] [2024-03-08T04:53:01.466Z] Command:       C:\Program Files\nodejs\node.exe C:\Users\AHSANCOMPUTERS\AppData\Roaming\npm\node_modules\firebase-tools\lib\bin\firebase.js init hosting
[debug] [2024-03-08T04:53:01.466Z] CLI Version:   13.4.0
[debug] [2024-03-08T04:53:01.467Z] Platform:      win32
[debug] [2024-03-08T04:53:01.467Z] Node Version:  v18.18.2
[debug] [2024-03-08T04:53:01.471Z] Time:          Fri Mar 08 2024 09:53:01 GMT+0500 (Pakistan Standard Time)
[debug] [2024-03-08T04:53:01.471Z] ----------------------------------------------------------------------
[debug] 
[debug] [2024-03-08T04:53:01.477Z] > command requires scopes: ["email","openid","https://www.googleapis.com/auth/cloudplatformprojects.readonly","https://www.googleapis.com/auth/firebase","https://www.googleapis.com/auth/cloud-platform"]
[debug] [2024-03-08T04:53:01.478Z] > authorizing via signed-in user (h.mohidawan984@gmail.com)
[info] 
     ######## #### ########  ######## ########     ###     ######  ########
     ##        ##  ##     ## ##       ##     ##  ##   ##  ##       ##
     ######    ##  ########  ######   ########  #########  ######  ######
     ##        ##  ##    ##  ##       ##     ## ##     ##       ## ##
     ##       #### ##     ## ######## ########  ##     ##  ######  ########

You're about to initialize a Firebase project in this directory:

  D:\it_mind_labs

[info] 
=== Project Setup
[info] 
[info] First, let's associate this project directory with a Firebase project.
[info] You can create multiple project aliases by running firebase use --add, 
[info] but for now we'll just set up a default project.
[info] 
[debug] [2024-03-08T04:53:26.692Z] > refreshing access token with scopes: []
[debug] [2024-03-08T04:53:26.694Z] >>> [apiv2][query] POST https://www.googleapis.com/oauth2/v3/token [none]
[debug] [2024-03-08T04:53:26.694Z] >>> [apiv2][body] POST https://www.googleapis.com/oauth2/v3/token [omitted]
[debug] [2024-03-08T04:53:27.196Z] <<< [apiv2][status] POST https://www.googleapis.com/oauth2/v3/token 200
[debug] [2024-03-08T04:53:27.196Z] <<< [apiv2][body] POST https://www.googleapis.com/oauth2/v3/token [omitted]
[debug] [2024-03-08T04:53:27.206Z] >>> [apiv2][query] GET https://firebase.googleapis.com/v1beta1/projects pageSize=100
[debug] [2024-03-08T04:53:27.946Z] <<< [apiv2][status] GET https://firebase.googleapis.com/v1beta1/projects 200
[debug] [2024-03-08T04:53:27.946Z] <<< [apiv2][body] GET https://firebase.googleapis.com/v1beta1/projects [omitted]
[info] i  Using project it-mind-labs (IT-Mind-Labs) 
[info] 
=== Hosting Setup
[debug] [2024-03-08T04:53:42.619Z] >>> [apiv2][query] GET https://firebase.googleapis.com/v1beta1/projects/it-mind-labs [none]
[debug] [2024-03-08T04:53:43.236Z] <<< [apiv2][status] GET https://firebase.googleapis.com/v1beta1/projects/it-mind-labs 200
[debug] [2024-03-08T04:53:43.236Z] <<< [apiv2][body] GET https://firebase.googleapis.com/v1beta1/projects/it-mind-labs {"projectId":"it-mind-labs","projectNumber":"909471205057","displayName":"IT-Mind-Labs","name":"projects/it-mind-labs","resources":{"hostingSite":"it-mind-labs"},"state":"ACTIVE","etag":"1_357ab706-56f9-4ff1-a61c-4f085963c4df"}
[info] 
[info] Your public directory is the folder (relative to your project directory) that
[info] will contain Hosting assets to be uploaded with firebase deploy. If you
[info] have a build process for your assets, use your build's output directory.
[info] 
[debug] [2024-03-08T04:56:43.590Z] >>> [apiv2][query] GET https://www.gstatic.com/firebasejs/releases.json [none]
[debug] [2024-03-08T04:56:44.282Z] <<< [apiv2][status] GET https://www.gstatic.com/firebasejs/releases.json 200
[debug] [2024-03-08T04:56:44.282Z] <<< [apiv2][body] GET https://www.gstatic.com/firebasejs/releases.json {"current":{"version":"10.8.1","browserURL":"https://www.gstatic.com/firebasejs/10.8.1/firebase.js","packageURL":"https://www.gstatic.com/firebasejs/10.8.1/firebase.tgz"},"live":{"version":"10.8","browserURL":"https://www.gstatic.com/firebasejs/live/10.8/firebase.js","packageURL":"https://www.gstatic.com/firebasejs/live/10.8/firebase.tgz"},"components":{"analytics":"https://www.gstatic.com/firebasejs/10.8.1/firebase-analytics.js","app":"https://www.gstatic.com/firebasejs/10.8.1/firebase-app.js","app-check":"https://www.gstatic.com/firebasejs/10.8.1/firebase-app-check.js","auth":"https://www.gstatic.com/firebasejs/10.8.1/firebase-auth.js","auth/cordova":"https://www.gstatic.com/firebasejs/10.8.1/firebase-auth/cordova.js","auth/web-extension":"https://www.gstatic.com/firebasejs/10.8.1/firebase-auth/web-extension.js","functions":"https://www.gstatic.com/firebasejs/10.8.1/firebase-functions.js","firestore":"https://www.gstatic.com/firebasejs/10.8.1/firebase-firestore.js","firestore/lite":"https://www.gstatic.com/firebasejs/10.8.1/firebase-firestore/lite.js","installations":"https://www.gstatic.com/firebasejs/10.8.1/firebase-installations.js","storage":"https://www.gstatic.com/firebasejs/10.8.1/firebase-storage.js","performance":"https://www.gstatic.com/firebasejs/10.8.1/firebase-performance.js","remote-config":"https://www.gstatic.com/firebasejs/10.8.1/firebase-remote-config.js","messaging":"https://www.gstatic.com/firebasejs/10.8.1/firebase-messaging.js","messaging/sw":"https://www.gstatic.com/firebasejs/10.8.1/firebase-messaging/sw.js","database":"https://www.gstatic.com/firebasejs/10.8.1/firebase-database.js","firestore.memory":"https://www.gstatic.com/firebasejs/10.8.1/firebase-firestore.memory.js"}}
[info] +  Wrote public/index.html 
[info] 
[info] i  Detected a .git folder at D:\it_mind_labs 
[info] i  Authorizing with GitHub to upload your service account to a GitHub repository's secrets store. 
[info] 
[info] Visit this URL on this device to log in:
[info] https://github.com/login/oauth/authorize?client_id=89cf50f02ac6aaed3484&state=962769427&redirect_uri=http%3A%2F%2Flocalhost%3A9005&scope=read%3Auser%20repo%20public_repo
[info] 
[info] Waiting for authentication...
[debug] [2024-03-08T04:56:45.650Z] >>> [apiv2][query] POST https://github.com/login/oauth/access_token [none]
[debug] [2024-03-08T04:56:45.650Z] >>> [apiv2][body] POST https://github.com/login/oauth/access_token [stream]
[debug] [2024-03-08T04:56:46.544Z] <<< [apiv2][status] POST https://github.com/login/oauth/access_token 200
[debug] [2024-03-08T04:56:46.545Z] <<< [apiv2][body] POST https://github.com/login/oauth/access_token {"access_token":"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","token_type":"bearer","scope":"read:user,repo"}
[debug] [2024-03-08T04:56:46.550Z] >>> [apiv2][query] GET https://api.github.com/user [none]
[debug] [2024-03-08T04:56:47.539Z] <<< [apiv2][status] GET https://api.github.com/user 200
[debug] [2024-03-08T04:56:47.539Z] <<< [apiv2][body] GET https://api.github.com/user {"login":"H-MohidAwan","id":125962100,"node_id":"U_kgDOB4IHdA","avatar_url":"https://avatars.githubusercontent.com/u/125962100?v=4","gravatar_id":"","url":"https://api.github.com/users/H-MohidAwan","html_url":"https://github.com/H-MohidAwan","followers_url":"https://api.github.com/users/H-MohidAwan/followers","following_url":"https://api.github.com/users/H-MohidAwan/following{/other_user}","gists_url":"https://api.github.com/users/H-MohidAwan/gists{/gist_id}","starred_url":"https://api.github.com/users/H-MohidAwan/starred{/owner}{/repo}","subscriptions_url":"https://api.github.com/users/H-MohidAwan/subscriptions","organizations_url":"https://api.github.com/users/H-MohidAwan/orgs","repos_url":"https://api.github.com/users/H-MohidAwan/repos","events_url":"https://api.github.com/users/H-MohidAwan/events{/privacy}","received_events_url":"https://api.github.com/users/H-MohidAwan/received_events","type":"User","site_admin":false,"name":"H-Mohid_Awan","company":"@globalxs","blog":"","location":"Lahore,Pakistan","email":null,"hireable":true,"bio":null,"twitter_username":"mohidawan984","public_repos":5,"public_gists":0,"followers":0,"following":0,"created_at":"2023-02-21T08:51:28Z","updated_at":"2024-03-05T09:25:00Z","private_gists":0,"total_private_repos":3,"owned_private_repos":3,"disk_usage":225396,"collaborators":0,"two_factor_authentication":false,"plan":{"name":"free","space":976562499,"collaborators":0,"private_repos":10000}}
[info] 
[info] +  Success! Logged into GitHub as H-MohidAwan 
[info] 
